INFO [2017-10-24 08:24:52] [[1]]
INFO [2017-10-24 08:24:52] venn
INFO [2017-10-24 08:24:52] 
INFO [2017-10-24 08:24:52] $filename
INFO [2017-10-24 08:24:52] [1] "results/All_DEGs_Venn.png"
INFO [2017-10-24 08:24:52] 
INFO [2017-10-24 08:24:52] $resolution
INFO [2017-10-24 08:24:52] [1] 600
INFO [2017-10-24 08:24:52] 
INFO [2017-10-24 08:24:52] $imagetype
INFO [2017-10-24 08:24:52] [1] "png"
INFO [2017-10-24 08:24:52] 
INFO [2017-10-24 08:24:52] $width
INFO [2017-10-24 08:24:52] [1] 10
INFO [2017-10-24 08:24:52] 
INFO [2017-10-24 08:24:52] $height
INFO [2017-10-24 08:24:52] [1] 10
INFO [2017-10-24 08:24:52] 
INFO [2017-10-24 08:24:52] $units
INFO [2017-10-24 08:24:52] [1] "in"
INFO [2017-10-24 08:24:52] 
INFO [2017-10-24 08:24:52] $cex
INFO [2017-10-24 08:24:52] [1] 4
INFO [2017-10-24 08:24:52] 
INFO [2017-10-24 08:24:52] $log
INFO [2017-10-24 08:24:52] F
INFO [2017-10-24 08:24:52] 
